



























































DATE: 12/18/2019                                        FORD'S BOATS INC                                                    PAGE:  1

CUSTOMER                                    BOAT         PURCHASE           ACCESSORY                     PREP                 TOTAL
LAST NAME              STATE                COST         DATE               PACKAGE                       COST                  COST

BOAT TYPE: BASS BOAT                                                                                                                
                                                                                                                                    
OOOOOOOOOOOOOOO         AK            999,999.99         09/02/46           ELECTRONICS              99,999.99          1,099,999.98
OOOOOOOOOOOOOO          AK                   .00         11/23/76           SKI PACKAGE                    .00                   .00
OOOOOOOOOOOOO           AK                   .00         07/31/57           FISHING PACKAGE          99,999.99             99,999.99
OOOOOOOOOOOO            AL            999,999.99         02/26/85           SKI PACKAGE                    .00            999,999.99
OOOOOOOOOOO             CA                   .01         08/28/43           ELECTRONICS                    .01                   .02
OOOOOOOOOO              CA                   .10         12/30/23           FISHING PACKAGE                .10                   .20

                       SUBTOTALS FOR BASS BOAT              NUMBER SOLD:      6                                        $2,200,000.18

BOAT TYPE: PONTOON                                                                                                                  
                                                                                                                                    
OOOOOOOOO               CO                  1.00         07/16/27           ELECTRONICS                   1.00                  2.00
OOOOOOOO                CO                 10.00         04/08/78           SKI PACKAGE                  10.00                 20.00
OOOOOOO                 CO                100.00         05/08/69           FISHING PACKAGE             100.00                200.00
OOOOOO                  CO              1,000.00         03/09/21           SKI PACKAGE               1,000.00              2,000.00
OOOOO                   FL             10,000.00         09/24/27           ELECTRONICS              10,000.00             20,000.00
OOOO                    FL            100,000.00         02/25/28           FISHING PACKAGE          10,000.00            110,000.00

                       SUBTOTALS FOR PONTOON                NUMBER SOLD:      6                                          $132,222.00

BOAT TYPE: SKI BOAT                                                                                                                 
                                                                                                                                    
OOO                     AK            100,000.00         10/20/58           ELECTRONICS                   3.49            100,003.49
OO                      AK            100,000.00         04/28/90           SKI PACKAGE                  99.90            100,099.90
O                       AK              5,907.98         02/13/53           FISHING PACKAGE              90.80              5,998.78
                        AL                 80.40         12/07/17           SKI PACKAGE               7,986.08              8,066.48
                        CA                   .50         09/03/95           ELECTRONICS                    .00                   .50
                        CA                   .00         08/08/05           FISHING PACKAGE                .50                   .50

                       SUBTOTALS FOR SKI BOAT               NUMBER SOLD:      6                                          $214,169.65

BOAT TYPE: JOHN BOAT                                                                                                                
                                                                                                                                    
JILL                    CO             80,086.92         05/16/73           ELECTRONICS               2,800.51             82,887.43
FORD                    CO             59,866.02         02/28/08           SKI PACKAGE               5,671.32             65,537.34
AUSTIN                  CO             84,850.96         03/21/81           FISHING PACKAGE           6,508.48             91,359.44
BOLT                    CO             31,499.12         08/25/45           SKI PACKAGE                 112.34             31,611.46
FLING                   FL             59,029.01         03/23/32           ELECTRONICS               1,803.88             60,832.89
KENNEDY                 FL             20,377.51         11/08/49           FISHING PACKAGE           5,091.77             25,469.28

                       SUBTOTALS FOR JOHN BOAT              NUMBER SOLD:      6                                          $357,697.84

BOAT TYPE: CANOE                                                                                                                    
                                                                                                                                    
BUSCH                   AK             20,692.83         09/13/67           ELECTRONICS               4,116.42             24,809.25
FFFFFFFFFFFFF           AK              4,042.90         10/31/44           SKI PACKAGE               4,757.91              8,800.81
ORANGE                  AK             72,951.27         08/20/25           FISHING PACKAGE           2,969.47             75,920.74






DATE: 12/18/2019                                        FORD'S BOATS INC                                                    PAGE:  2

CUSTOMER                                    BOAT         PURCHASE           ACCESSORY                     PREP                 TOTAL
LAST NAME              STATE                COST         DATE               PACKAGE                       COST                  COST

BOAT TYPE: CANOE                                                                                                                    
                                                                                                                                    
PINYATTAS               AL             58,174.01         07/12/46           SKI PACKAGE               7,687.30             65,861.31
FILETYPE                CA             44,613.93         04/13/95           ELECTRONICS               1,628.38             46,242.31
COSBY                   CA             56,624.92         05/31/83           FISHING PACKAGE           2,097.44             58,722.36

                       SUBTOTALS FOR CANOE                  NUMBER SOLD:      6                                          $280,356.78

BOAT TYPE: CABIN CRUISER                                                                                                            
                                                                                                                                    
DAVIS                   CO             87,517.55         01/03/65           ELECTRONICS               6,303.80             93,821.35
DAVIS                   CO             29,018.15         11/21/89           SKI PACKAGE               8,317.02             37,335.17
UTOPIA                  CO             16,287.95         09/22/80           FISHING PACKAGE           8,702.28             24,990.23
FIDO                    CO             23,939.16         10/25/92           SKI PACKAGE               7,305.47             31,244.63
ILIOS                   FL             14,965.29         10/23/71           ELECTRONICS               6,632.75             21,598.04
IFFFFFY                 FL             31,582.53         10/07/76           FISHING PACKAGE           2,132.18             33,714.71

                       SUBTOTALS FOR CABIN CRUISER          NUMBER SOLD:      6                                          $242,704.13

BOAT TYPE: BASS BOAT                                                                                                                
                                                                                                                                    
IFL                     GA             98,176.32         07/26/25           FISHING PACKAGE           8,876.02            107,052.34
FILETYPE                GA             95,015.24         05/31/59           FISHING PACKAGE           7,123.35            102,138.59

                       SUBTOTALS FOR BASS BOAT              NUMBER SOLD:      2                                          $209,190.93

BOAT TYPE: JOHN BOAT                                                                                                                
                                                                                                                                    
ORANGE JUICE            HI             83,229.26         04/06/04           FISHING PACKAGE           2,675.49             85,904.75

                       SUBTOTALS FOR JOHN BOAT              NUMBER SOLD:      1                                           $85,904.75

BOAT TYPE: SKI BOAT                                                                                                                 
                                                                                                                                    
PINYATTAS               HI             15,914.04         07/18/17           FISHING PACKAGE           1,147.38             17,061.42

                       SUBTOTALS FOR SKI BOAT               NUMBER SOLD:      1                                           $17,061.42

BOAT TYPE: PONTOON                                                                                                                  
                                                                                                                                    
DING                    IN              5,795.80         11/02/88           FISHING PACKAGE           7,732.93             13,528.73

                       SUBTOTALS FOR PONTOON                NUMBER SOLD:      1                                           $13,528.73

BOAT TYPE: CANOE                                                                                                                    
                                                                                                                                    
DONG                    IN             59,862.78         08/26/25           FISHING PACKAGE           1,806.30             61,669.08

                       SUBTOTALS FOR CANOE                  NUMBER SOLD:      1                                           $61,669.08

BOAT TYPE: BASS BOAT                                                                                                                
                                                                                                                                    



DATE: 12/18/2019                                        FORD'S BOATS INC                                                    PAGE:  3

CUSTOMER                                    BOAT         PURCHASE           ACCESSORY                     PREP                 TOTAL
LAST NAME              STATE                COST         DATE               PACKAGE                       COST                  COST

BOAT TYPE: BASS BOAT                                                                                                                
                                                                                                                                    
DING                    IN             74,691.08         07/15/63           FISHING PACKAGE           4,278.33             78,969.41

                       SUBTOTALS FOR BASS BOAT              NUMBER SOLD:      1                                           $78,969.41


                       GRAND TOTALS                         NUMBER SOLD:     43                                        $3,893,474.90