



























































DATE: 02/03/2020                                    ALBIA SOCCER CLUB FUNDRAISER                                            PAGE:  1
COBCJF05                                                  CURTIS DIVISION                                                           
                                                            SALES REPORT                                                            

   LAST NAME        FIRST NAME       CITY        STATE ZIP CODE    POP TYPE             QUANTITY      DEPOSIT AMT      TOTAL SALES  

   JIM              MCCARTHY         tpmhpatybr   IA   27574-0259  COKE                    12            $14.40           $238.92   

   EDcH1XhAybA      rgVJrsGVBx       omqkvvfiuv   IL   87960-8307  DIET COKE               51              $.00           $954.21   

   9xCsE76j2Dt      KH8ch834Ld       mwlpwleryq   MI   79956-8793  MELLO YELLOW            26            $62.40           $548.86   

   zqLqoEfw9u1      KPZ2zxTGQr       gpajzqcbsw   MO   46071-9438  CHERRY COKE              1              $.00            $18.71   

   M5qcn0hnAXJ      3AGmAveies       kyyjmksaow   NE   33086-7013  DIET CHERRY COKE         6             $7.20           $119.46   

   gkXSPo08U8a      GoHYNkD8LS       hzdqusbycf   WI   47259-5327  SPRITE                  33            $39.60           $657.03   

   bfqJmUsqFjq      jziDj3SOGZ       ebhpmshvgr   IA   01807-8225  COKE                    73            $87.60         $1,453.43   

   BMpGmhWVMqc      yJQV5zodum       mwjoqrbfbw   IL   27318-7827  DIET COKE               27              $.00           $505.17   

   270uQh2VsjX      sLBTrhqLNO       chpxmviqpb   MI   15614-4286  MELLO YELLOW            25            $60.00           $527.75   

   2jTtAMklSlr      M5HrMwevws       pqxnerdnmd   MO   04692-7809  CHERRY COKE             39              $.00           $729.69   

   M8nLCokBlEA      tabCmjnFoQ       yvjqqowwhv   NE   15514-9839  DIET CHERRY COKE        64            $76.80         $1,274.24   

   fPIdqkYdDcU      NelqfqPOnh       tneykgryts   WI   65853-3157  SPRITE                  41            $49.20           $816.31   

   4QrqPFno2oH      ZCPxMWfF4P       pcnrhnlmkd   IA   68985-8196  COKE                    86           $103.20         $1,712.26   

   tHV9CnyRR29      FYjG8e9MDg       bvietrgsys   IL   38016-8230  DIET COKE               40              $.00           $748.40   

   0gAOK1pwn8Y      jmlkUw8e55       rwduzvrssl   MI   90614-4472  MELLO YELLOW            77           $184.80         $1,625.47   

   d10luqpE1ef      0hgPaeBOry       mxbrqphmwe   MO   42261-7533  CHERRY COKE              6              $.00           $112.26   

   hEgo1XIohu7      qocY3lVAvq       bwvkddnptm   NE   95979-6578  DIET CHERRY COKE        88           $105.60         $1,752.08   

   kviOZjKbRTw      gBSviHDZOL       oxhgmqpsjl   WI   48579-0957  SPRITE                  63            $75.60         $1,254.33   

   c7uqfjcPGJZ      KYy3Nk3tgb       uqodfukqcz   IA   56633-0919  COKE                    11            $13.20           $219.01   

   SSeeKC8GHwR      9vExmGlJZc       wjyykafzog   IL   20578-2936  DIET COKE               29              $.00           $542.59   

   LuORO8mLLVx      ftbuXvdR3e       mzbecawjfu   MI   31275-7798  MELLO YELLOW            59           $141.60         $1,245.49   

   4FS3G5IP3I7      GzmMoaxYCh       hmkbzlajmx   MO   40034-6168  CHERRY COKE             33              $.00           $617.43   

   71k8z993Pz1      eGYf9M3gZj       jdfeiqxaug   NE   17499-9972  DIET CHERRY COKE        22            $26.40           $438.02   

   fQbK8rTiFHV      YnJ6g2pLKX       dhhmiaebei   WI   96326-6707  SPRITE                  93           $111.60         $1,851.63   

   hgrD1txBUS0      ZXsN20Tdxz       evvyhugmha   IA   86704-7715  COKE                    68            $81.60         $1,353.88   

   9m0XzBRKSrV      gJTWL12IiF       mhjloxpefx   IL   04335-4164  DIET COKE               28              $.00           $523.88   

   iuAYc9Iumx1      ZIRk4MMqfs       vxukzxxlbu   MI   65558-0659  MELLO YELLOW             1             $2.40            $21.11   

DATE: 02/03/2020                                    ALBIA SOCCER CLUB FUNDRAISER                                            PAGE:  2
COBCJF05                                                  CURTIS DIVISION                                                           
                                                            SALES REPORT                                                            

   LAST NAME        FIRST NAME       CITY        STATE ZIP CODE    POP TYPE             QUANTITY      DEPOSIT AMT      TOTAL SALES  

   h7DfyleisET      ejh26YJWkg       eqquheehzs   MO   33497-5167  CHERRY COKE             52              $.00           $972.92   

   mqy3RnCnBd5      ukZoYrpnme       pqaxnbjfml   NE   33010-6994  DIET CHERRY COKE        50            $60.00           $995.50   

   m3jpWJCQMcb      kxjofRnjCf       vuaumexosq   WI   06645-0047  SPRITE                  51            $61.20         $1,015.41   

   H2dNNh2w8QR      I4rk2Id3zu       aaddyektu    IA   01364-8128  COKE                    20            $24.00           $398.20   

   O51xeYgVRSd      GhUPwW1ozX       cifmtwviu    IL   12801-2954  DIET COKE               18              $.00           $336.78   

   WAUwB2zq0x6      D271jNTxHm       ooeqfnyqo    MI   05594-4981  MELLO YELLOW            20            $48.00           $422.20   

   MLOIDpEm3WW      vUnAqB70O8       fvaupehlm    MO   34438-0372  CHERRY COKE             11              $.00           $205.81   

   XDjIkWpTRUy      TPXHNpSDm4       xndfsttvo    NE   86453-8597  DIET CHERRY COKE        31            $37.20           $617.21   

   44Iz9mUOMtz      FunMjyc8Qn       pwwzlywxt    WI   55730-0871  SPRITE                  17            $20.40           $338.47   

   3Nuk7YSmK0L      DR5RuSfVMa       kczylilpg    IA   33302-9754  COKE                    24            $28.80           $477.84   

   ZeVkGPXnu6q      zBJ3YKDMtp       ytilwfnij    IL   62212-6942  DIET COKE                7              $.00           $130.97   

   CcwGxcP4lKE      CCzJgvdkNP       jkpkzlkqu    MI   61180-0793  MELLO YELLOW            89           $213.60         $1,878.79   

   y8mqKnMbqRn      yKKjz1Iqf7       vdcumgyjp    MO   64246-2748  CHERRY COKE             82              $.00         $1,534.22   

   loraPBWGKEo      pcZoI7LMDY       oonuqgdlp    NE   13697-8610  DIET CHERRY COKE        60            $72.00         $1,194.60   

   tO4WroDuGX5      34ITSQ8jdj       ibaotvajw    WI   71300-4976  SPRITE                   6             $7.20           $119.46   

   9U5a11nKssG      fX0DpohIzj       rqhgkknyy    IA   57117-9902  COKE                    17            $20.40           $338.47   

   O3Zjdp42zO0      n4YSUgrjtz       zwxtzpzeu    IL   28292-5224  DIET COKE               41              $.00           $767.11   

   PhjSMMd41Bq      BJg1rKzhla       kzhnpwhbh    MI   21033-8355  MELLO YELLOW            60           $144.00         $1,266.60   

   KJogqJ9ynzB      RTWmOtMKKh       sbjrtqzow    MO   51698-4034  CHERRY COKE             39              $.00           $729.69   

   AU8tA1kTpR2      3jgKwIVlNT       rpfvujyjy    NE   59977-4724  DIET CHERRY COKE        69            $82.80         $1,373.79   

   ym9tyOELMfk      2Qt0nhjab0       bpnbdkplc    WI   85281-4213  SPRITE                  61            $73.20         $1,214.51   

   GDlrYgerdPz      iif5xhCNue       hafphrxrn    IA   51141-2038  COKE                    29            $34.80           $577.39   

   MtAVdhOy3fb      7nQB6Y1TOt       ymxqqyimu    IL   89871-2409  DIET COKE               55              $.00         $1,029.05   

   FNfSWSu15FW      MPBInFgxM4       wtnmzdxaf    MI   25046-4258  MELLO YELLOW            32            $76.80           $675.52   

   rO15mrXhKqO      lxZLvZKfYT       wmmnpnecz    MO   78451-7274  CHERRY COKE             82              $.00         $1,534.22   

   XNjRvDIsbMD      p6VRCqGMj3       vilrhxkpn    NE   18284-2369  DIET CHERRY COKE         5             $6.00            $99.55   

   VPGFOcZX05e      BG2JT7rtYy       xrlgoeqhw    WI   52477-7616  SPRITE                  21            $25.20           $418.11   

DATE: 02/03/2020                                    ALBIA SOCCER CLUB FUNDRAISER                                            PAGE:  3
COBCJF05                                                  CURTIS DIVISION                                                           
                                                            SALES REPORT                                                            

   LAST NAME        FIRST NAME       CITY        STATE ZIP CODE    POP TYPE             QUANTITY      DEPOSIT AMT      TOTAL SALES  

   YjvpYhNaL77      sv41VocsDR       ovclblxba    IA   95703-0738  COKE                    62            $74.40         $1,234.42   

   RJJlsADGPUY      DcL0yalWb3       hchyknveq    IL   98066-3715  DIET COKE               25              $.00           $467.75   

   jMAMCfa0PPA      2Xs8VB4pMU       vxswezdeu    MI   87875-7687  MELLO YELLOW            22            $52.80           $464.42   

   Rm1zJpLPAMy      MeUGKMCb33       yfnjkcdaw    MO   48802-6393  CHERRY COKE             18              $.00           $336.78   

   07pRSiLQ5LQ      EZaorT7tnO       gtujabykx    NE   49372-2214  DIET CHERRY COKE        30            $36.00           $597.30   

   94noe4VZMJs      bABBlFl2Ks       mlwwceqrd    WI   72976-4469  SPRITE                  61            $73.20         $1,214.51   

   JzW5zMaJMum      yDMU6XpiUX       OTTUMWA      IA   49879-0564  COKE                    87           $104.40         $1,732.17   

   YjEwxJligF6      DblZrUnsZe       FAIRFIELD    IL   77211-2854  DIET COKE               71              $.00         $1,328.41   

   0OgEYXiJXwT      VWEiWg9pLM       BLOOMFLD     MI   16276-7000  MELLO YELLOW            30            $72.00           $633.30   

   DRlXtlL2v0s      wThjLpZTB8       ME           MO   59999-4939  CHERRY COKE             14              $.00           $261.94   

   AIwxwPZNjeg      vmLMMxuD2y       YOU          NE   54579-1305  DIET CHERRY COKE        55            $66.00         $1,095.05   

































DATE: 02/03/2020                                    ALBIA SOCCER CLUB FUNDRAISER                                            PAGE:  4
COBCJF05                                                  CURTIS DIVISION                                                           
                                                            SALES REPORT                                                            

   LAST NAME        FIRST NAME       CITY        STATE ZIP CODE    POP TYPE             QUANTITY      DEPOSIT AMT      TOTAL SALES  


GRAND TOTALS:                                                                                                                       

   COKE                 489      DIET COKE            392      MELLOW YELLO         441                                             

   CHERRY COKE          377      DIET CHERRY COKE     480      SPRITE               447                                             


TEAM TOTALS:                                                                                                                        

   A       $9,588.22                                                                                                                

   B      $11,249.49                                                                                                                

   C       $8,607.34                                                                                                                

   D       $9,067.45                                                                                                                

   E      $13,377.56                                                                                                                