



























































DATE: 12/11/2019                                       FORD'S PAINT ESTIMATOR                                               PAGE:  1

ESTIMATE                       WALL       DOOR      TOTAL      GALLONS      PRICE/           PAINT            LABOR           TOTAL 
 NUMBER     ESTIMATE DATE     SQ/FT      SQ/FT      SQ/FT       NEEDED      GALLON        ESTIMATE         ESTIMATE         ESTIMATE
                                                                                                                                    
  aaaa       00/00/0000           1         1           0          .00        1.00      $      .00       $      .00      $       .00
  bill       01/01/0001       9,999       999       9,000        78.26       99.99      $ 7,825.21       $ 5,529.06      $ 13,354.27
  l          56/05/0957       9,999         0       9,999        86.94         .00      $      .00       $ 6,142.31      $  6,142.31
  Hv         90/72/2047       9,999         0       9,999        86.94        1.00      $    86.94       $ 6,142.31      $  6,229.25
  o32        48/24/5997       9,999         1       9,998        86.93         .00      $      .00       $ 6,141.60      $  6,141.60
  a3N        26/13/3459       9,999         1       9,998        86.93        1.00      $    86.93       $ 6,141.60      $  6,228.53
  U7         53/66/5729       9,999       999       9,000        78.26         .00      $      .00       $ 5,529.06      $  5,529.06
  9          18/90/8005       9,999       999       9,000        78.26        1.00      $    78.26       $ 5,529.06      $  5,607.32
             34/34/7674       9,999       999       9,000        78.26         .00      $      .00       $ 5,529.06      $  5,529.06
  m3Xi       87/02/4796       9,999       999       9,000        78.26        1.00      $    78.26       $ 5,529.06      $  5,607.32
  641D       43/83/0433           0         0           0          .00       99.99      $      .00       $      .00      $       .00
  vpce       87/23/4008       9,999         1       9,998        86.93       99.99      $ 8,692.13       $ 6,141.60      $ 14,833.73
  FiP2       34/32/6994           1         0           1          .00       99.99      $      .00       $      .00      $       .00
  VNv7       99/18/4112           1         1           0          .00       99.99      $      .00       $      .00      $       .00
  rdiC       73/77/9430           1         0           1          .00         .50      $      .00       $      .00      $       .00
  GaX9       70/62/4491         115         0         115         1.00        1.00      $     1.00       $    70.65      $     71.65
  dfSH       73/12/0235         250       115         135         1.17       89.00      $   104.13       $    82.66      $    186.79
  U7id       46/48/7936         890        34         856         7.44       66.66      $   495.95       $   525.63      $  1,021.58
  E40t       10/71/2263       2,590       607       1,983        17.24       97.73      $ 1,684.86       $ 1,218.00      $  2,902.86
  YOCy       93/30/0363         919       878          41          .35       88.92      $    31.12       $    24.72      $     55.84
  rWms       72/76/5356           0         0           0          .00         .00      $      .00       $      .00      $       .00
  mjjQ       59/55/0126       3,344       943       2,401        20.87       22.97      $   479.38       $ 1,474.46      $  1,953.84
  yb6I       43/15/1649       1,824       946         878         7.63       54.42      $   415.22       $   539.05      $    954.27
  KVst       85/59/2499       6,686       599       6,087        52.93       55.25      $ 2,924.38       $ 3,739.50      $  6,663.88
  WlE1       08/50/7908       1,861       518       1,343        11.67       96.23      $ 1,123.00       $   824.48      $  1,947.48
  XIKz       43/56/8198       9,420       335       9,085        79.00       27.21      $ 2,149.59       $ 5,581.35      $  7,730.94
  iqNY       21/34/1463       5,816       112       5,704        49.60       18.74      $   929.50       $ 3,504.24      $  4,433.74
  nTkT       02/48/5870       5,709       267       5,442        47.32       42.53      $ 2,012.51       $ 3,343.15      $  5,355.66
  VxrP       92/19/6874       3,834       380       3,454        30.03       64.96      $ 1,950.74       $ 2,121.61      $  4,072.35
  m3Xi       87/02/4796       1,106       856         250         2.17        5.06      $    10.98       $   153.31      $    164.29
  aaaa       00/00/0000           1         1           0          .00        1.00      $      .00       $      .00      $       .00
  bill       01/01/0001       9,999       999       9,000        78.26       99.99      $ 7,825.21       $ 5,529.06      $ 13,354.27
  l          56/05/0957       9,999         0       9,999        86.94         .00      $      .00       $ 6,142.31      $  6,142.31
  Hv         90/72/2047       9,999         0       9,999        86.94        1.00      $    86.94       $ 6,142.31      $  6,229.25
  o32        48/24/5997       9,999         1       9,998        86.93         .00      $      .00       $ 6,141.60      $  6,141.60
  a3N        26/13/3459       9,999         1       9,998        86.93        1.00      $    86.93       $ 6,141.60      $  6,228.53
  U7         53/66/5729       9,999       999       9,000        78.26         .00      $      .00       $ 5,529.06      $  5,529.06
  9          18/90/8005       9,999       999       9,000        78.26        1.00      $    78.26       $ 5,529.06      $  5,607.32
             34/34/7674       9,999       999       9,000        78.26         .00      $      .00       $ 5,529.06      $  5,529.06
  m3Xi       87/02/4796       9,999       999       9,000        78.26        1.00      $    78.26       $ 5,529.06      $  5,607.32
  641D       43/83/0433           0         0           0          .00       99.99      $      .00       $      .00      $       .00
  vpce       87/23/4008       9,999         1       9,998        86.93       99.99      $ 8,692.13       $ 6,141.60      $ 14,833.73
  FiP2       34/32/6994           1         0           1          .00       99.99      $      .00       $      .00      $       .00
  VNv7       99/18/4112           1         1           0          .00       99.99      $      .00       $      .00      $       .00
  rdiC       73/77/9430           1         0           1          .00         .50      $      .00       $      .00      $       .00
  GaX9       70/62/4491         115         0         115         1.00        1.00      $     1.00       $    70.65      $     71.65
  dfSH       73/12/0235         250       115         135         1.17       89.00      $   104.13       $    82.66      $    186.79
  U7id       46/48/7936         890        34         856         7.44       66.66      $   495.95       $   525.63      $  1,021.58
  E40t       10/71/2263       2,590       607       1,983        17.24       97.73      $ 1,684.86       $ 1,218.00      $  2,902.86
  YOCy       93/30/0363         919       878          41          .35       88.92      $    31.12       $    24.72      $     55.84
  rWms       72/76/5356           0         0           0          .00         .00      $      .00       $      .00      $       .00




DATE: 12/11/2019                                       FORD'S PAINT ESTIMATOR                                               PAGE:  2

ESTIMATE                       WALL       DOOR      TOTAL      GALLONS      PRICE/           PAINT            LABOR           TOTAL 
 NUMBER     ESTIMATE DATE     SQ/FT      SQ/FT      SQ/FT       NEEDED      GALLON        ESTIMATE         ESTIMATE         ESTIMATE
                                                                                                                                    
  mjjQ       59/55/0126       3,344       943       2,401        20.87       22.97      $   479.38       $ 1,474.46      $  1,953.84
  yb6I       43/15/1649       1,824       946         878         7.63       54.42      $   415.22       $   539.05      $    954.27
  KVst       85/59/2499       6,686       599       6,087        52.93       55.25      $ 2,924.38       $ 3,739.50      $  6,663.88
  WlE1       08/50/7908       1,861       518       1,343        11.67       96.23      $ 1,123.00       $   824.48      $  1,947.48
  XIKz       43/56/8198       9,420       335       9,085        79.00       27.21      $ 2,149.59       $ 5,581.35      $  7,730.94
  iqNY       21/34/1463       5,816       112       5,704        49.60       18.74      $   929.50       $ 3,504.24      $  4,433.74
  nTkT       02/48/5870       5,709       267       5,442        47.32       42.53      $ 2,012.51       $ 3,343.15      $  5,355.66
  VxrP       92/19/6874       3,834       380       3,454        30.03       64.96      $ 1,950.74       $ 2,121.61      $  4,072.35
  m3Xi       87/02/4796       1,106       856         250         2.17        5.06      $    10.98       $   153.31      $    164.29
  aaaa       00/00/0000           1         1           0          .00        1.00      $      .00       $      .00      $       .00
  bill       01/01/0001       9,999       999       9,000        78.26       99.99      $ 7,825.21       $ 5,529.06      $ 13,354.27


GRAND TOTALS:                     TOTAL ESTIMATES:  62        2,387.04                  $70,145.39      $168,644.12      $238,789.51