



























































DATE: 11/26/2019                                    FORD'S COBOL STUDENT ROSTER                                             PAGE:  1

                                                                                                                       ANTICIPATED  
  ID                       LAST NAME                          FIRST NAME                          GPA                STARTING SALARY

2222222                    BABBS                              TEDDY                              4.00                  $ 40,000.00  

6354671                    WINSTON                            WINIFRED                           3.78                  $  2,900.50  

9888765                    MEEKS                              CHESTER                            2.53                  $ 89,000.00  

8574639                    SLIMY                              SLICK                              1.09                  $ 58,000.00  

2341839                    LEGGS                              HAIRY                              3.90                  $ 39,993.99  

4838383                    MILTON                             MARVIN                             2.89                  $ 45,600.30  

8765321                    WHITEY                             MELVIN                             3.45                  $       .04  

8758989                    PRINCELY                           PRISCILLA                           .79                  $100,000.00  

8585858                    SANDERS                            HECTOR                             3.87                  $ 56,000.00  

7576858                    JASS                               HUGH                               2.31                  $ 49,500.00  

4773333                    STANLEY                            STILL                              3.88                  $ 42,500.00  

3212345                    PID                                STEW                                .50                  $  2,000.30  

2123409                    HUGNKISS                           AMANDA                             4.00                  $ 50,500.00  

3728179                    LOW                                EUGENE                             2.30                  $       .00  

7578788                    SHELBINSKI                         CORNELIUS                          3.78                  $ 36,000.00  

8888883                    DEW                                BLUE                               2.30                  $ 23,000.00  

4858697                    McCURDY                            BIRDY                              3.40                  $ 25,000.00  

5555555                    STINKSALOT                         SHELBY                             2.00                  $ 30,000.00  

4666355                    STINKSALOT                         DILLON                             3.50                  $ 40,200.00  

4321433                    HINDMAN                            UNDER                              3.75                  $889,999.99  

4314333                    WARE                               TUBBER                             3.40                  $ 55,555.55  

8787888                    MERTZ                              ETHEL                              2.03                  $ 77,777.70  

4444444                    BIGGS                              BERTHA                             3.30                  $ 39,000.00  

3234566                    STEARNS                            STEVEN                             4.00                  $ 42,500.00  

9898766                    GROOMS                             GRETTA                             3.50                  $ 39,500.00  

9864332                    BARSTED                            BILLY                              2.30                  $ 23,500.00  




DATE: 11/26/2019                                    FORD'S COBOL STUDENT ROSTER                                             PAGE:  2

                                                                                                                       ANTICIPATED  
  ID                       LAST NAME                          FIRST NAME                          GPA                STARTING SALARY

7765476                    ROPSTAM                            TED                                1.50                  $ 28,000.00  

9888765                    MEEKS                              CHESTER                            2.53                  $ 89,000.00  

8574639                    SLIMY                              SLICK                              1.09                  $ 58,000.00  

2341839                    LEGGS                              HAIRY                              3.90                  $ 39,993.99  

4838383                    MILTON                             MARVIN                             2.89                  $ 45,600.30  

8765321                    WHITEY                             MELVIN                             3.45                  $       .04  

8758989                    PRINCELY                           PRISCILLA                           .79                  $100,000.00  

8585858                    SANDERS                            HECTOR                             3.87                  $ 56,000.00  

7576858                    JASS                               HUGH                               2.31                  $ 49,500.00  


                                                      STUDENT COUNT:  35                                                            