



























































DATE: 03/02/2020                                          PMG MANAGEMENT                                                    PAGE:  1
COBCJF04                                          LAKE OF THE OZARKS - MARCH                                                        

                                      STAY      NIGHT       CONDO CLEANING  DOCK SLIP                        DEAL         AMOUNT    
CONDOMINIUM      GUEST NAME          NIGHTS       FEE         FEE      FEE        FEE     SUBTOTAL        AMOUNT             DUE    
                                                                                                                                    
HORSESHOE BEND   HB ZEROS               0        $.00        $.00  $100.00       $.00      $100.00          $.00+        $100.00    
HORSESHOE BEND   1BD 1NT 0 DL 0DS       1      $99.50      $99.50  $100.00       $.00      $199.50          $.00+        $199.50    
HORSESHOE BEND   2BD 1NT 0 DL 0DS       1     $199.00     $199.00  $100.00       $.00      $299.00          $.00+        $299.00    
HORSESHOE BEND   1BD 2NT 0 DL 0DS       2      $99.50     $199.00  $100.00       $.00      $299.00          $.00+        $299.00    
HORSESHOE BEND   1BD 1NT PT DL 0DS      1      $99.50      $99.50  $100.00       $.00      $199.50         $9.95+        $209.45    
HORSESHOE BEND   1BD 1NT HT DL 0DS      1      $99.50      $99.50  $100.00       $.00      $199.50         $4.98+        $204.48    
HORSESHOE BEND   1BD 1NT 0DL 1DS        1      $99.50      $99.50  $100.00      $1.00      $200.50          $.00+        $200.50    
HORSESHOE BEND   CHECK FOR FREE N      10      $99.50     $995.00  $100.00       $.00    $1,095.00          $.00+      $1,095.00****
HORSESHOE BEND   MAX                   99     $895.50  $88,654.50  $100.00  $9,899.01   $98,653.51    $13,298.18+    $111,951.69****
HORSESHOE BEND   MIN-BD                 1        $.00        $.00  $100.00       $.00      $100.00          $.00+        $100.00    
HORSESHOE BEND   MIN-NT                 0      $99.50        $.00  $100.00       $.00      $100.00          $.00+        $100.00    
OSAGE BEACH      OB ZEROS               0        $.00        $.00  $150.00       $.00      $150.00          $.00+        $150.00    
OSAGE BEACH      1BD 1NT 0 DL 0DS       1     $188.00     $188.00  $150.00       $.00      $338.00          $.00+        $338.00    
OSAGE BEACH      2BD 1NT 0 DL 0DS       1     $376.00     $376.00  $150.00       $.00      $526.00          $.00+        $526.00    
OSAGE BEACH      1BD 2NT 0 DL 0DS       2     $188.00     $376.00  $150.00       $.00      $526.00          $.00+        $526.00    
OSAGE BEACH      1BD 1NT PT DL 0DS      1     $188.00     $188.00  $150.00       $.00      $338.00        $18.80+        $356.80    
OSAGE BEACH      1BD 1NT HT DL 0DS      1     $188.00     $188.00  $150.00       $.00      $338.00          $.00+        $338.00    
OSAGE BEACH      1BD 1NT 0DL 1DS        1     $188.00     $188.00  $150.00      $1.00      $339.00          $.00+        $339.00    
OSAGE BEACH      CHECK FOR FREE N      10     $188.00   $1,880.00  $150.00       $.00    $2,030.00       $188.00-      $1,842.00****
OSAGE BEACH      MAX                   99   $1,692.00 $167,508.00  $150.00  $9,899.01  $177,557.01    $15,058.80+    $192,615.81****
OSAGE BEACH      MIN-BD                 1        $.00        $.00  $150.00       $.00      $150.00          $.00+        $150.00    
OSAGE BEACH      MIN-NT                 0     $188.00        $.00  $150.00       $.00      $150.00          $.00+        $150.00    
PISTOL POINT     PP ZEROS               0        $.00        $.00   $75.00       $.00       $75.00          $.00+         $75.00    
PISTOL POINT     1BD 1NT 0 DL 0DS       1      $50.00      $50.00   $75.00       $.00      $125.00          $.00+        $125.00    
PISTOL POINT     2BD 1NT 0 DL 0DS       1     $100.00     $100.00   $75.00       $.00      $175.00          $.00+        $175.00    
PISTOL POINT     1BD 2NT 0 DL 0DS       2      $50.00     $100.00   $75.00       $.00      $175.00          $.00+        $175.00    
PISTOL POINT     1BD 1NT PT DL 0DS      1      $50.00      $50.00   $75.00       $.00      $125.00          $.00+        $125.00    
PISTOL POINT     1BD 1NT HT DL 0DS      1      $50.00      $50.00   $75.00       $.00      $125.00          $.00+        $125.00    
PISTOL POINT     1BD 1NT 0DL 1DS        1      $50.00      $50.00   $75.00      $1.00      $126.00          $.00+        $126.00    
PISTOL POINT     CHECK FOR FREE N      10      $50.00     $500.00   $75.00       $.00      $575.00          $.00+        $575.00    
PISTOL POINT     MAX                   99     $450.00  $44,550.00   $75.00  $9,899.01   $54,524.01          $.00+     $54,524.01****
PISTOL POINT     MIN-BD                 1        $.00        $.00   $75.00       $.00       $75.00          $.00+         $75.00    
PISTOL POINT     MIN-NT                 0      $50.00        $.00   $75.00       $.00       $75.00          $.00+         $75.00    
REGATTA BAY      RB ZEROS               0        $.00        $.00   $75.00       $.00       $75.00          $.00+         $75.00    
REGATTA BAY      1BD 1NT 0 DL 0DS       1      $62.10      $62.10   $75.00       $.00      $137.10          $.00+        $137.10    
REGATTA BAY      2BD 1NT 0 DL 0DS       1     $124.20     $124.20   $75.00       $.00      $199.20          $.00+        $199.20    
REGATTA BAY      1BD 2NT 0 DL 0DS       2      $62.10     $124.20   $75.00       $.00      $199.20          $.00+        $199.20    
REGATTA BAY      1BD 1NT PT DL 0DS      1      $62.10      $62.10   $75.00       $.00      $137.10          $.00+        $137.10    
REGATTA BAY      1BD 1NT HT DL 0DS      1      $62.10      $62.10   $75.00       $.00      $137.10          $.00+        $137.10    
REGATTA BAY      1BD 1NT 0DL 1DS        1      $62.10      $62.10   $75.00      $1.00      $138.10          $.00+        $138.10    
REGATTA BAY      CHECK FOR FREE N      10      $62.10     $621.00   $75.00       $.00      $696.00        $75.00-        $621.00    
REGATTA BAY      MAX                   99     $558.90  $55,331.10   $75.00  $9,899.01   $65,305.11        $75.00-     $65,230.11****
REGATTA BAY      MIN-BD                 1        $.00        $.00   $75.00       $.00       $75.00          $.00+         $75.00    
REGATTA BAY      MIN-NT                 0      $62.10        $.00   $75.00       $.00       $75.00          $.00+         $75.00    
SHAWNEE BEND     SB ZEROS               0        $.00        $.00  $150.00       $.00      $150.00          $.00+        $150.00    
SHAWNEE BEND     1BD 1NT 0 DL 0DS       1     $100.00     $100.00  $150.00       $.00      $250.00          $.00+        $250.00    
SHAWNEE BEND     2BD 1NT 0 DL 0DS       1     $200.00     $200.00  $150.00       $.00      $350.00          $.00+        $350.00    
SHAWNEE BEND     1BD 2NT 0 DL 0DS       2     $100.00     $200.00  $150.00       $.00      $350.00          $.00+        $350.00    






DATE: 03/02/2020                                          PMG MANAGEMENT                                                    PAGE:  2
COBCJF04                                          LAKE OF THE OZARKS - MARCH                                                        

                                      STAY      NIGHT       CONDO CLEANING  DOCK SLIP                        DEAL         AMOUNT    
CONDOMINIUM      GUEST NAME          NIGHTS       FEE         FEE      FEE        FEE     SUBTOTAL        AMOUNT             DUE    
                                                                                                                                    
SHAWNEE BEND     1BD 1NT PT DL 0DS      1     $100.00     $100.00  $150.00       $.00      $250.00        $10.00+        $260.00    
SHAWNEE BEND     1BD 1NT HT DL 0DS      1     $100.00     $100.00  $150.00       $.00      $250.00          $.00+        $250.00    
SHAWNEE BEND     1BD 1NT 0DL 1DS        1     $100.00     $100.00  $150.00      $1.00      $251.00          $.00+        $251.00    
SHAWNEE BEND     CHECK FOR FREE N      10     $100.00   $1,000.00  $150.00       $.00    $1,150.00          $.00+      $1,150.00****
SHAWNEE BEND     MAX                   99     $900.00  $89,100.00  $150.00  $9,899.01   $99,149.01     $8,910.00+    $108,059.01****
SHAWNEE BEND     MIN-BD                 1        $.00        $.00  $150.00       $.00      $150.00          $.00+        $150.00    
SHAWNEE BEND     MIN-NT                 0     $100.00        $.00  $150.00       $.00      $150.00          $.00+        $150.00    
LEDGES           L  ZEROS               0        $.00        $.00     $.00       $.00         $.00          $.00+           $.00    
LEDGES           1BD 1NT 0 DL 0DS       1      $76.35      $76.35     $.00       $.00       $76.35          $.00+         $76.35    
LEDGES           2BD 1NT 0 DL 0DS       1     $152.70     $152.70     $.00       $.00      $152.70          $.00+        $152.70    
LEDGES           1BD 2NT 0 DL 0DS       2      $76.35     $152.70     $.00       $.00      $152.70          $.00+        $152.70    
LEDGES           1BD 1NT PT DL 0DS      1      $76.35      $76.35     $.00       $.00       $76.35          $.00+         $76.35    
LEDGES           1BD 1NT HT DL 0DS      1      $76.35      $76.35     $.00       $.00       $76.35         $5.73+         $82.08    
LEDGES           1BD 1NT 0DL 1DS        1      $76.35      $76.35     $.00      $1.00       $77.35          $.00+         $77.35    
LEDGES           CHECK FOR FREE N      10      $76.35     $763.50     $.00       $.00      $763.50          $.00+        $763.50****
LEDGES           MAX                   99     $687.15  $68,027.85     $.00  $9,899.01   $77,926.86     $5,102.09+     $83,028.95****
LEDGES           MIN-BD                 1        $.00        $.00     $.00       $.00         $.00          $.00+           $.00    
LEDGES           MIN-NT                 0      $76.35        $.00     $.00       $.00         $.00          $.00+           $.00    
HARBOUR TOWNE    HT ZEROS               0        $.00        $.00  $100.00       $.00      $100.00          $.00+        $100.00    
HARBOUR TOWNE    1BD 1NT 0 DL 0DS       1      $50.00      $50.00  $100.00       $.00      $150.00          $.00+        $150.00    
HARBOUR TOWNE    2BD 1NT 0 DL 0DS       1     $100.00     $100.00  $100.00       $.00      $200.00          $.00+        $200.00    
HARBOUR TOWNE    1BD 2NT 0 DL 0DS       2      $50.00     $100.00  $100.00       $.00      $200.00          $.00+        $200.00    
HARBOUR TOWNE    1BD 1NT PT DL 0DS      1      $50.00      $50.00  $100.00       $.00      $150.00          $.00+        $150.00    
HARBOUR TOWNE    1BD 1NT HT DL 0DS      1      $50.00      $50.00  $100.00       $.00      $150.00          $.00+        $150.00    
HARBOUR TOWNE    1BD 1NT 0DL 1DS        1      $50.00      $50.00  $100.00      $1.00      $151.00          $.00+        $151.00    
HARBOUR TOWNE    CHECK FOR FREE N      10      $50.00     $500.00  $100.00       $.00      $600.00        $25.00-        $575.00    
HARBOUR TOWNE    MAX                   99     $450.00  $44,550.00  $100.00  $9,899.01   $54,549.01       $225.00-     $54,324.01****
HARBOUR TOWNE    MIN-BD                 1        $.00        $.00  $100.00       $.00      $100.00          $.00+        $100.00    
HARBOUR TOWNE    MIN-NT                 0      $50.00        $.00  $100.00       $.00      $100.00          $.00+        $100.00    
COMPASSE POINTE  CP ZEROS               0        $.00        $.00     $.00       $.00         $.00          $.00+           $.00    
COMPASSE POINTE  1BD 1NT 0 DL 0DS       1     $125.00     $125.00     $.00       $.00      $125.00          $.00+        $125.00    
COMPASSE POINTE  2BD 1NT 0 DL 0DS       1     $250.00     $250.00     $.00       $.00      $250.00          $.00+        $250.00    
COMPASSE POINTE  1BD 2NT 0 DL 0DS       2     $125.00     $250.00     $.00       $.00      $250.00          $.00+        $250.00    
COMPASSE POINTE  1BD 1NT PT DL 0DS      1     $125.00     $125.00     $.00       $.00      $125.00          $.00+        $125.00    
COMPASSE POINTE  1BD 1NT HT DL 0DS      1     $125.00     $125.00     $.00       $.00      $125.00          $.00+        $125.00    
COMPASSE POINTE  1BD 1NT 0DL 1DS        1     $125.00     $125.00     $.00      $1.00      $126.00          $.00+        $126.00    
COMPASSE POINTE  CHECK FOR FREE N      10     $125.00   $1,250.00     $.00       $.00    $1,250.00       $125.00-      $1,125.00****
COMPASSE POINTE  MAX                   99   $1,125.00 $111,375.00     $.00  $9,899.01  $121,274.01     $1,125.00-    $120,149.01****
COMPASSE POINTE  MIN-BD                 1        $.00        $.00     $.00       $.00         $.00          $.00+           $.00    
COMPASSE POINTE  MIN-NT                 0     $125.00        $.00     $.00       $.00         $.00          $.00+           $.00    


GRAND TOTALS:                                                                          $768,963.63    $40,580.53+    $809,544.16    

            NUMBER OF RENTALS:  88      FREE NIGHTS:  5.0   FREE CLEANING:  2                                                       
              PET FEES: $34,565.00                   HOT TUB FEES:  $9,545.53                                                       








DATE: 03/02/2020                                          PMG MANAGEMENT                                                    PAGE:  2
COBCJF04                                          LAKE OF THE OZARKS - MARCH                                                        