



























































DATE: 03/12/2020                                    THE CAMPGROUNDS ERROR REPORT                                            PAGE:  1
                                                                                                                                    

fkdaalkjdshfadslkjhafsdjlkafsdhkjadsfhdjsk                                                                                          
     INVALID CAMPGROUND                                                                                                             
     INVALID SITE: LAST TWO CHARACTERS NOT NUMBERS                                                                                  
     INVALID DATE: NON-NUMERIC YYYYMMDD                                                                                             
     INVALID STAY: NON-NUMERIC                                                                                                      
     FNAME EMPTY                                                                                                                    
     I-AMT NON-NUMERIC                                                                                                              
     NOT VALID CREDIT CARD TYPE                                                                                                     
     CREDIT CARD NUMBER NON-NUMERIC                                                                                                 
     CC EXP NON-NUMERIC                                                                                                             

                                                                                                                                    
     INVALID CAMPGROUND                                                                                                             
     INVALID SITE: FIRST CHARACTER SPACE                                                                                            
     INVALID SITE: LAST TWO CHARACTERS NOT NUMBERS                                                                                  
     INVALID DATE: NON-NUMERIC YYYYMMDD                                                                                             
     INVALID STAY: NON-NUMERIC                                                                                                      
     LNAME EMPTY                                                                                                                    
     FNAME EMPTY                                                                                                                    
     I-AMT NON-NUMERIC                                                                                                              
     NOT VALID CREDIT CARD TYPE                                                                                                     
     CREDIT CARD NUMBER NON-NUMERIC                                                                                                 
     CC EXP NON-NUMERIC                                                                                                             

MINE                     D672039031705wrong-CAMP          00--camp            06000M779987587145874020270618                        
     INVALID CAMPGROUND                                                                                                             

BUCK CREEK               9892048101403wrong-site          01--nuM-AT-BEGINNING04200V938831901360558020380426                        
     INVALID SITE: FIRST CHARACTER NUMBER                                                                                           

BUCK CREEK               FB72040041904WRONG-SITE          02--CHAR-IN-NUM     04800A162513107002690020451117                        
     INVALID SITE: LAST TWO CHARACTERS NOT NUMBERS                                                                                  

BUCK CREEK               G7120X5082205WRONG-YEAR          03--CHAR-IN-YEAR    06000M160742342932184020300503                        
     INVALID DATE: NON-NUMERIC YYYYMMDD                                                                                             

BUCK CREEK               H842019030908WRONG-YEAR          04--PAST            09600V475978382792590020390814                        
     INVALID DATE: IN THE PAST YYYYMMDD                                                                                             

BUCK CREEK               I502028B80810WRONG-MONTH         05--CHAR            12000A164952708780752020210306                        
     INVALID DATE: NON-NUMERIC YYYYMMDD                                                                                             

BUCK CREEK               J382023002305WRONG-MONTH         06--LOW             06000M940276395047224020350126                        
     INVALID MONTH: MONTH NEEDS TO BE 01 TO 12                                                                                      













DATE: 03/12/2020                                    THE CAMPGROUNDS ERROR REPORT                                            PAGE:  2
                                                                                                                                    

BUCK CREEK               K792046130606WRONG-MONTH         07--HIGH            07200V740856351413774020480324                        
     INVALID MONTH: MONTH NEEDS TO BE 01 TO 12                                                                                      

BUCK CREEK               L85202805v808WRONG-DAY           08--CHAR            09600A405866380895258020240508                        
     INVALID DATE: NON-NUMERIC YYYYMMDD                                                                                             

BUCK CREEK               M582048120009WRONG-DAY           09--LOW             10800M161737413784440020210404                        
     INVALID DAY: NEED BETWEEN 1 AND 31 DAYS IN MONTH                                                                               

BUCK CREEK               N342031093302WRONG-DAY           10--HIGH            02800V189922438057714020361016                        
     INVALID DAY: NEED BETWEEN 1 AND 30 DAYS IN MONTH                                                                               

BUCK CREEK               O9620460725bbWRONG-STAY          11--CHAR            bbb00A855259052750759020470303                        
     INVALID STAY: NON-NUMERIC                                                                                                      
     I-AMT NON-NUMERIC                                                                                                              

BUCK CREEK               P572050010801WRONG-STAY          12--LOW             01400M999196747742764020271223                        
     INVALID STAY: DATA IS OUTSIDE RANGE 2 TO 11 REQ                                                                                

BUCK CREEK               Q852042011312WRONG-STAY          13--HIGH            16800V506940693776610020421227                        
     INVALID STAY: DATA IS OUTSIDE RANGE 2 TO 11 REQ                                                                                

BUCK CREEK               R672039050508                    14--WRONG-LNAME     11200A112875117529295020220302                        
     LNAME EMPTY                                                                                                                    

BUCK CREEK               S772043071403WRONG-FNAME                             04200M238711046676415020480710                        
     FNAME EMPTY                                                                                                                    

BUCK CREEK               T402042060207WRONG-AMT           15--CHAR            bbb00V454454058696232020400811                        
     I-AMT NON-NUMERIC                                                                                                              

BUCK CREEK               U422047071006WRONG-AMT           16--SMALL           00000A745663958764920020250216                        
     I-AMT NOT CORRECT                                                                                                              

BUCK CREEK               V232041112208WRONG-AMT           17--LARGE           99900M128556675380993020310226                        
     I-AMT NOT CORRECT                                                                                                              

BUCK CREEK               W942022072503WRONG-CCTYPE        18--NOT V, M, OR A  042009383488251996233020390208                        
     NOT VALID CREDIT CARD TYPE                                                                                                     

BUCK CREEK               X372033101205WRONG-CC-YEAR       19--CHAR IN YEAR    07000V648957365122225020V00105                        
     CC EXP NON-NUMERIC                                                                                                             

BUCK CREEK               Y942023032207WRONG-CC-YEAR       20--PAST            09800A326730017437524020190722                        
     CC EXP IN PAST                                                                                                                 












DATE: 03/12/2020                                    THE CAMPGROUNDS ERROR REPORT                                            PAGE:  3
                                                                                                                                    

BUCK CREEK               Z562023090710WRONG-CC-MONTH      21--CHAR            14000M244500614920419020240V02                        
     CC EXP NON-NUMERIC                                                                                                             

BUCK CREEK               A702044031107WRONG-CC-MONTH      22--LOW             07000V491029402761534020420003                        
     CC MONTH 1 TO 12                                                                                                               

BUCK CREEK               B222032030905WRONG-CC-MONTH      23--HIGH            05000A507976356526953020361315                        
     CC MONTH 1 TO 12                                                                                                               

BUCK CREEK               C792035042008WRONG-CC-DAY        24--CHAR            08000M67557037844063002031080V                        
     CC EXP NON-NUMERIC                                                                                                             

BUCK CREEK               D982037061111WRONG-CC-DAY        25--LOW             13200V535098749685142020420900                        
     CC DAY BETWEEEN 1 AND 30 DAYS FOR MONTH                                                                                        

BUCK CREEK               E402041101006WRONG-CC-DAY        26--HIGH            07200A677552339384062020421132                        
     CC DAY BETWEEEN 1 AND 30 DAYS FOR MONTH                                                                                        

BUCK CREEK               F482036112005WRONG-CC-NUM        27--CHAR            06000MV00000000000000020321105                        
     CREDIT CARD NUMBER NON-NUMERIC                                                                                                 

HONEY CREEK              G602040023002LEAP                28--HIGH            02400V541336417779523020260724                        
     INVALID DAY: NEED BETWEEN 1 AND 29 DAYS IN MONTH                                                                               

BUCK CREEK               I592021022902NON-LEAP            29--HIGH            02400M853443479557336020420526                        
     INVALID DAY: NEED BETWEEN 1 AND 28 DAYS IN MONTH                                                                               

ISLAND VIEW              K71204801320931-DAYS             30-HIGH             10800M280010327134792020370415                        
     INVALID DAY: NEED BETWEEN 1 AND 31 DAYS IN MONTH                                                                               

ISLAND VIEW              M31202304310530-DAYS             31-HIGH             06000V299896500373142020480622                        
     INVALID DAY: NEED BETWEEN 1 AND 30 DAYS IN MONTH                                                                               


ERROR TOTALS:   RECORDS WITH ERRORS:     35     TOTAL ERRORS:        54                                                             